Temp/gradleOut/launcher/build/intermediates/manifest_merge_blame_file/release/manifest-merger-blame-release-report.txt
1<?xml version="1.0" encoding="utf-8"?>
2<!-- GENERATED BY UNITY. REMOVE THIS COMMENT TO PREVENT OVERWRITING WHEN EXPORTING AGAIN -->
3<manifest xmlns:android="http://schemas.android.com/apk/res/android"
4    package="com.DefaultCompany.MoneyConverter"
5    android:installLocation="preferExternal"
6    android:versionCode="7"
7    android:versionName="0.7" >
8
9    <uses-sdk
10        android:minSdkVersion="21"
10-->src\main\AndroidManifest.xml
11        android:targetSdkVersion="31" />
11-->src\main\AndroidManifest.xml
12
13    <supports-screens
13-->src\main\AndroidManifest.xml:4:3-163
14        android:anyDensity="true"
14-->src\main\AndroidManifest.xml:4:135-160
15        android:largeScreens="true"
15-->src\main\AndroidManifest.xml:4:78-105
16        android:normalScreens="true"
16-->src\main\AndroidManifest.xml:4:49-77
17        android:smallScreens="true"
17-->src\main\AndroidManifest.xml:4:21-48
18        android:xlargeScreens="true" />
18-->src\main\AndroidManifest.xml:4:106-134
19
20    <uses-feature android:glEsVersion="0x00030000" />
20-->[:unityLibrary] AndroidManifest.xml:13:5-54
20-->[:unityLibrary] AndroidManifest.xml:13:19-51
21    <uses-feature
21-->[:unityLibrary] AndroidManifest.xml:14:5-16:36
22        android:name="android.hardware.vulkan.version"
22-->[:unityLibrary] AndroidManifest.xml:15:9-55
23        android:required="false" />
23-->[:unityLibrary] AndroidManifest.xml:16:9-33
24
25    <uses-permission android:name="android.permission.INTERNET" />
25-->[:unityLibrary] AndroidManifest.xml:18:5-67
25-->[:unityLibrary] AndroidManifest.xml:18:22-64
26    <uses-permission android:name="android.permission.ACCESS_NETWORK_STATE" />
26-->[:unityLibrary] AndroidManifest.xml:19:5-79
26-->[:unityLibrary] AndroidManifest.xml:19:22-76
27
28    <uses-feature
28-->[:unityLibrary] AndroidManifest.xml:21:5-23:36
29        android:name="android.hardware.touchscreen"
29-->[:unityLibrary] AndroidManifest.xml:22:9-52
30        android:required="false" />
30-->[:unityLibrary] AndroidManifest.xml:23:9-33
31    <uses-feature
31-->[:unityLibrary] AndroidManifest.xml:24:5-26:36
32        android:name="android.hardware.touchscreen.multitouch"
32-->[:unityLibrary] AndroidManifest.xml:25:9-63
33        android:required="false" />
33-->[:unityLibrary] AndroidManifest.xml:26:9-33
34    <uses-feature
34-->[:unityLibrary] AndroidManifest.xml:27:5-29:36
35        android:name="android.hardware.touchscreen.multitouch.distinct"
35-->[:unityLibrary] AndroidManifest.xml:28:9-72
36        android:required="false" />
36-->[:unityLibrary] AndroidManifest.xml:29:9-33
37
38    <uses-permission android:name="com.android.vending.BILLING" />
38-->[:billing-4.0.0:] AndroidManifest.xml:10:5-67
38-->[:billing-4.0.0:] AndroidManifest.xml:10:22-64
39
40    <application
40-->src\main\AndroidManifest.xml:5:3-116
41        android:appComponentFactory="androidx.core.app.CoreComponentFactory"
41-->[androidx.core:core:1.1.0] AndroidManifest.xml:24:18-86
42        android:extractNativeLibs="true"
42-->src\main\AndroidManifest.xml:5:16-48
43        android:icon="@mipmap/app_icon"
43-->src\main\AndroidManifest.xml:5:82-113
44        android:label="@string/app_name" >
44-->src\main\AndroidManifest.xml:5:49-81
45        <activity
45-->[:unityLibrary] AndroidManifest.xml:32:9-53:20
46            android:name="com.unity3d.player.UnityPlayerActivity"
46-->[:unityLibrary] AndroidManifest.xml:33:13-66
47            android:configChanges="mcc|mnc|locale|touchscreen|keyboard|keyboardHidden|navigation|orientation|screenLayout|uiMode|screenSize|smallestScreenSize|fontScale|layoutDirection|density"
47-->[:unityLibrary] AndroidManifest.xml:34:13-194
48            android:exported="true"
48-->[:unityLibrary] AndroidManifest.xml:35:13-36
49            android:hardwareAccelerated="true"
49-->[:unityLibrary] AndroidManifest.xml:36:13-47
50            android:launchMode="singleTask"
50-->[:unityLibrary] AndroidManifest.xml:37:13-44
51            android:resizeableActivity="false"
51-->[:unityLibrary] AndroidManifest.xml:38:13-47
52            android:screenOrientation="fullSensor"
52-->[:unityLibrary] AndroidManifest.xml:39:13-51
53            android:theme="@style/UnityThemeSelector" >
53-->[:unityLibrary] AndroidManifest.xml:40:13-54
54            <intent-filter>
54-->[:unityLibrary] AndroidManifest.xml:41:13-45:29
55                <action android:name="android.intent.action.MAIN" />
55-->[:unityLibrary] AndroidManifest.xml:42:17-69
55-->[:unityLibrary] AndroidManifest.xml:42:25-66
56
57                <category android:name="android.intent.category.LAUNCHER" />
57-->[:unityLibrary] AndroidManifest.xml:44:17-77
57-->[:unityLibrary] AndroidManifest.xml:44:27-74
58            </intent-filter>
59
60            <meta-data
60-->[:unityLibrary] AndroidManifest.xml:47:13-49:40
61                android:name="unityplayer.UnityActivity"
61-->[:unityLibrary] AndroidManifest.xml:48:17-57
62                android:value="true" />
62-->[:unityLibrary] AndroidManifest.xml:49:17-37
63            <meta-data
63-->[:unityLibrary] AndroidManifest.xml:50:13-52:40
64                android:name="android.notch_support"
64-->[:unityLibrary] AndroidManifest.xml:51:17-53
65                android:value="true" />
65-->[:unityLibrary] AndroidManifest.xml:52:17-37
66        </activity>
67
68        <meta-data
68-->[:unityLibrary] AndroidManifest.xml:55:9-57:33
69            android:name="unity.splash-mode"
69-->[:unityLibrary] AndroidManifest.xml:56:13-45
70            android:value="0" />
70-->[:unityLibrary] AndroidManifest.xml:57:13-30
71        <meta-data
71-->[:unityLibrary] AndroidManifest.xml:58:9-60:36
72            android:name="unity.splash-enable"
72-->[:unityLibrary] AndroidManifest.xml:59:13-47
73            android:value="True" />
73-->[:unityLibrary] AndroidManifest.xml:60:13-33
74        <meta-data
74-->[:unityLibrary] AndroidManifest.xml:61:9-63:37
75            android:name="unity.allow-resizable-window"
75-->[:unityLibrary] AndroidManifest.xml:62:13-56
76            android:value="False" />
76-->[:unityLibrary] AndroidManifest.xml:63:13-34
77        <meta-data
77-->[:unityLibrary] AndroidManifest.xml:64:9-66:50
78            android:name="notch.config"
78-->[:unityLibrary] AndroidManifest.xml:65:13-40
79            android:value="portrait|landscape" />
79-->[:unityLibrary] AndroidManifest.xml:66:13-47
80        <meta-data
80-->[:unityLibrary] AndroidManifest.xml:67:9-69:68
81            android:name="unity.build-id"
81-->[:unityLibrary] AndroidManifest.xml:68:13-42
82            android:value="990165d7-06a0-4054-8593-08db41bd4628" />
82-->[:unityLibrary] AndroidManifest.xml:69:13-65
83        <meta-data
83-->[:billing-4.0.0:] AndroidManifest.xml:13:9-15:37
84            android:name="com.google.android.play.billingclient.version"
84-->[:billing-4.0.0:] AndroidManifest.xml:14:13-73
85            android:value="4.0.0" />
85-->[:billing-4.0.0:] AndroidManifest.xml:15:13-34
86
87        <activity
87-->[:billing-4.0.0:] AndroidManifest.xml:17:9-21:75
88            android:name="com.android.billingclient.api.ProxyBillingActivity"
88-->[:billing-4.0.0:] AndroidManifest.xml:18:13-78
89            android:configChanges="keyboard|keyboardHidden|screenLayout|screenSize|orientation"
89-->[:billing-4.0.0:] AndroidManifest.xml:19:13-96
90            android:exported="false"
90-->[:billing-4.0.0:] AndroidManifest.xml:20:13-37
91            android:theme="@android:style/Theme.Translucent.NoTitleBar" />
91-->[:billing-4.0.0:] AndroidManifest.xml:21:13-72
92        <activity android:name="com.onevcat.uniwebview.UniWebViewFileChooserActivity" />
92-->[:UniWebView:] AndroidManifest.xml:14:9-89
92-->[:UniWebView:] AndroidManifest.xml:14:19-86
93    </application>
94
95</manifest>